Build started 19/10/2015 1:45:33 AM.
     1>Project "C:\Users\shmeit\Desktop\halftoning_posted\halftoning\halftoning.vcxproj" on node 2 (Build target(s)).
     1>ClCompile:
         C:\Program Files (x86)\Microsoft Visual Studio 14.0\VC\bin\CL.exe /c /ZI /nologo /W3 /WX- /sdl /Od /Oy- /D _MBCS /Gm /EHsc /RTC1 /MDd /GS /fp:precise /Zc:wchar_t /Zc:forScope /Zc:inline /Fo"Debug\\" /Fd"Debug\vc140.pdb" /Gd /TP /analyze- /errorReport:prompt src\halftoning.cpp
         halftoning.cpp
     1>c:\users\shmeit\desktop\halftoning_posted\halftoning\src\halftoning.cpp(40): warning C4244: '=': conversion from 'double' to 'int', possible loss of data
     1>c:\users\shmeit\desktop\halftoning_posted\halftoning\src\halftoning.cpp(41): warning C4244: '=': conversion from 'double' to 'int', possible loss of data
     1>c:\users\shmeit\desktop\halftoning_posted\halftoning\src\halftoning.cpp(42): warning C4244: '=': conversion from 'double' to 'int', possible loss of data
     1>c:\users\shmeit\desktop\halftoning_posted\halftoning\src\halftoning.cpp(82): warning C4244: '=': conversion from 'int' to 'float', possible loss of data
     1>c:\users\shmeit\desktop\halftoning_posted\halftoning\src\halftoning.cpp(85): warning C4244: '+=': conversion from 'double' to 'GLubyte', possible loss of data
     1>c:\users\shmeit\desktop\halftoning_posted\halftoning\src\halftoning.cpp(89): warning C4244: '+=': conversion from 'double' to 'GLubyte', possible loss of data
     1>c:\users\shmeit\desktop\halftoning_posted\halftoning\src\halftoning.cpp(91): warning C4244: '+=': conversion from 'double' to 'GLubyte', possible loss of data
     1>c:\users\shmeit\desktop\halftoning_posted\halftoning\src\halftoning.cpp(94): warning C4244: '+=': conversion from 'double' to 'GLubyte', possible loss of data
     1>c:\users\shmeit\desktop\halftoning_posted\halftoning\src\halftoning.cpp(63): warning C4101: 'b': unreferenced local variable
     1>c:\users\shmeit\desktop\halftoning_posted\halftoning\src\halftoning.cpp(108): warning C4244: '=': conversion from 'double' to 'int', possible loss of data
     1>c:\users\shmeit\desktop\halftoning_posted\halftoning\src\halftoning.cpp(126): warning C4101: 'j': unreferenced local variable
     1>c:\users\shmeit\desktop\halftoning_posted\halftoning\src\halftoning.cpp(126): warning C4101: 'i': unreferenced local variable
     1>c:\users\shmeit\desktop\halftoning_posted\halftoning\src\halftoning.cpp(182): warning C4244: '=': conversion from 'int' to 'float', possible loss of data
     1>c:\users\shmeit\desktop\halftoning_posted\halftoning\src\halftoning.cpp(197): warning C4244: '+=': conversion from 'float' to 'GLubyte', possible loss of data
     1>c:\users\shmeit\desktop\halftoning_posted\halftoning\src\halftoning.cpp(162): warning C4101: 'b': unreferenced local variable
       Link:
         C:\Program Files (x86)\Microsoft Visual Studio 14.0\VC\bin\link.exe /ERRORREPORT:PROMPT /OUT:"C:\Users\shmeit\Desktop\halftoning_posted\Debug\halftoning.exe" /INCREMENTAL /NOLOGO freeglut.lib freeimage.lib opengl32.lib kernel32.lib user32.lib gdi32.lib winspool.lib comdlg32.lib advapi32.lib shell32.lib ole32.lib oleaut32.lib uuid.lib odbc32.lib odbccp32.lib /MANIFEST /MANIFESTUAC:"level='asInvoker' uiAccess='false'" /manifest:embed /Debug /PDB:"C:\Users\shmeit\Desktop\halftoning_posted\Debug\halftoning.pdb" /TLBID:1 /DYNAMICBASE /NXCOMPAT /IMPLIB:"C:\Users\shmeit\Desktop\halftoning_posted\Debug\halftoning.lib" /MACHINE:X86 Debug\halftoning.obj
         halftoning.vcxproj -> C:\Users\shmeit\Desktop\halftoning_posted\Debug\halftoning.exe
     1>Done Building Project "C:\Users\shmeit\Desktop\halftoning_posted\halftoning\halftoning.vcxproj" (Build target(s)).

Build succeeded.

Time Elapsed 00:00:02.03
